# JRE version: OpenJDK Runtime Environment (21.0.10) (build 21.0.10+-14961533-b1163.108)
# Java VM: OpenJDK 64-Bit Server VM (21.0.10+-14961533-b1163.108, mixed mode, tiered, compressed oops, compressed class ptrs, g1 gc, windows-amd64)
GC Precious Log:
 CardTable entry size: 512
 Card Set container configuration: InlinePtr #cards 5 size 8 Array Of Cards #cards 12 size 40 Howl #buckets 4 coarsen threshold 1843 Howl Bitmap #cards 512 size 80 coarsen threshold 460 Card regions per heap region 1 cards per card region 2048
 CPUs: 16 total, 16 available
 Memory: 16068M
 Large Page Support: Disabled
 NUMA Support: Disabled
 Compressed Oops: Enabled (32-bit)
 Heap Region Size: 1M
 Heap Min Capacity: 8M
 Heap Initial Capacity: 252M
 Heap Max Capacity: 2G
 Pre-touch: Disabled
 Parallel Workers: 13
 Concurrent Workers: 3
 Concurrent Refinement Workers: 13
 Periodic GC: Disabled
Heap:
 garbage-first heap   total 311296K, used 234104K [0x0000000080000000, 0x0000000100000000)
  region size 1024K, 71 young (72704K), 8 survivors (8192K)
 Metaspace       used 166692K, committed 168832K, reserved 1245184K
  class space    used 21605K, committed 22656K, reserved 1048576K
GC Heap History (20 events):
Event: 25.291 GC heap before
{Heap before GC invocations=39 (full 0):
 garbage-first heap   total 243712K, used 173348K [0x0000000080000000, 0x0000000100000000)
  region size 1024K, 18 young (18432K), 10 survivors (10240K)
 Metaspace       used 144897K, committed 146880K, reserved 1179648K
  class space    used 18917K, committed 19840K, reserved 1048576K
}
Event: 25.301 GC heap after
{Heap after GC invocations=40 (full 0):
 garbage-first heap   total 243712K, used 170877K [0x0000000080000000, 0x0000000100000000)
  region size 1024K, 3 young (3072K), 3 survivors (3072K)
 Metaspace       used 144897K, committed 146880K, reserved 1179648K
  class space    used 18917K, committed 19840K, reserved 1048576K
}
Event: 25.902 GC heap before
{Heap before GC invocations=41 (full 0):
 garbage-first heap   total 265216K, used 204669K [0x0000000080000000, 0x0000000100000000)
  region size 1024K, 48 young (49152K), 3 survivors (3072K)
 Metaspace       used 145729K, committed 147648K, reserved 1179648K
  class space    used 18975K, committed 19904K, reserved 1048576K
}
Event: 25.912 GC heap after
{Heap after GC invocations=42 (full 0):
 garbage-first heap   total 265216K, used 172899K [0x0000000080000000, 0x0000000100000000)
  region size 1024K, 6 young (6144K), 6 survivors (6144K)
 Metaspace       used 145729K, committed 147648K, reserved 1179648K
  class space    used 18975K, committed 19904K, reserved 1048576K
}
Event: 27.272 GC heap before
{Heap before GC invocations=42 (full 0):
 garbage-first heap   total 265216K, used 228195K [0x0000000080000000, 0x0000000100000000)
  region size 1024K, 60 young (61440K), 6 survivors (6144K)
 Metaspace       used 155016K, committed 156992K, reserved 1245184K
  class space    used 20202K, committed 21120K, reserved 1048576K
}
Event: 27.286 GC heap after
{Heap after GC invocations=43 (full 0):
 garbage-first heap   total 265216K, used 156836K [0x0000000080000000, 0x0000000100000000)
  region size 1024K, 6 young (6144K), 6 survivors (6144K)
 Metaspace       used 155016K, committed 156992K, reserved 1245184K
  class space    used 20202K, committed 21120K, reserved 1048576K
}
Event: 28.713 GC heap before
{Heap before GC invocations=43 (full 0):
 garbage-first heap   total 265216K, used 225444K [0x0000000080000000, 0x0000000100000000)
  region size 1024K, 73 young (74752K), 6 survivors (6144K)
 Metaspace       used 161011K, committed 163072K, reserved 1245184K
  class space    used 21041K, committed 22016K, reserved 1048576K
}
Event: 28.721 GC heap after
{Heap after GC invocations=44 (full 0):
 garbage-first heap   total 265216K, used 161469K [0x0000000080000000, 0x0000000100000000)
  region size 1024K, 9 young (9216K), 9 survivors (9216K)
 Metaspace       used 161011K, committed 163072K, reserved 1245184K
  class space    used 21041K, committed 22016K, reserved 1048576K
}
Event: 29.190 GC heap before
{Heap before GC invocations=44 (full 0):
 garbage-first heap   total 265216K, used 230077K [0x0000000080000000, 0x0000000100000000)
  region size 1024K, 77 young (78848K), 9 survivors (9216K)
 Metaspace       used 163535K, committed 165632K, reserved 1245184K
  class space    used 21365K, committed 22336K, reserved 1048576K
}
Event: 29.204 GC heap after
{Heap after GC invocations=45 (full 0):
 garbage-first heap   total 265216K, used 178783K [0x0000000080000000, 0x0000000100000000)
  region size 1024K, 10 young (10240K), 10 survivors (10240K)
 Metaspace       used 163535K, committed 165632K, reserved 1245184K
  class space    used 21365K, committed 22336K, reserved 1048576K
}
Event: 29.530 GC heap before
{Heap before GC invocations=46 (full 0):
 garbage-first heap   total 299008K, used 232031K [0x0000000080000000, 0x0000000100000000)
  region size 1024K, 61 young (62464K), 10 survivors (10240K)
 Metaspace       used 163673K, committed 165760K, reserved 1245184K
  class space    used 21368K, committed 22336K, reserved 1048576K
}
Event: 29.543 GC heap after
{Heap after GC invocations=47 (full 0):
 garbage-first heap   total 299008K, used 199023K [0x0000000080000000, 0x0000000100000000)
  region size 1024K, 8 young (8192K), 8 survivors (8192K)
 Metaspace       used 163673K, committed 165760K, reserved 1245184K
  class space    used 21368K, committed 22336K, reserved 1048576K
}
Event: 31.592 GC heap before
{Heap before GC invocations=47 (full 0):
 garbage-first heap   total 299008K, used 257391K [0x0000000080000000, 0x0000000100000000)
  region size 1024K, 65 young (66560K), 8 survivors (8192K)
 Metaspace       used 166132K, committed 168256K, reserved 1245184K
  class space    used 21556K, committed 22592K, reserved 1048576K
}
Event: 31.605 GC heap after
{Heap after GC invocations=48 (full 0):
 garbage-first heap   total 299008K, used 205322K [0x0000000080000000, 0x0000000100000000)
  region size 1024K, 9 young (9216K), 9 survivors (9216K)
 Metaspace       used 166132K, committed 168256K, reserved 1245184K
  class space    used 21556K, committed 22592K, reserved 1048576K
}
Event: 34.378 GC heap before
{Heap before GC invocations=48 (full 0):
 garbage-first heap   total 299008K, used 245258K [0x0000000080000000, 0x0000000100000000)
  region size 1024K, 50 young (51200K), 9 survivors (9216K)
 Metaspace       used 166590K, committed 168768K, reserved 1245184K
  class space    used 21604K, committed 22656K, reserved 1048576K
}
Event: 34.387 GC heap after
{Heap after GC invocations=49 (full 0):
 garbage-first heap   total 299008K, used 208998K [0x0000000080000000, 0x0000000100000000)
  region size 1024K, 3 young (3072K), 3 survivors (3072K)
 Metaspace       used 166590K, committed 168768K, reserved 1245184K
  class space    used 21604K, committed 22656K, reserved 1048576K
}
Event: 34.646 GC heap before
{Heap before GC invocations=50 (full 0):
 garbage-first heap   total 311296K, used 242790K [0x0000000080000000, 0x0000000100000000)
  region size 1024K, 60 young (61440K), 3 survivors (3072K)
 Metaspace       used 166680K, committed 168832K, reserved 1245184K
  class space    used 21605K, committed 22656K, reserved 1048576K
}
Event: 34.651 GC heap after
{Heap after GC invocations=51 (full 0):
 garbage-first heap   total 311296K, used 188326K [0x0000000080000000, 0x0000000100000000)
  region size 1024K, 6 young (6144K), 6 survivors (6144K)
 Metaspace       used 166680K, committed 168832K, reserved 1245184K
  class space    used 21605K, committed 22656K, reserved 1048576K
}
Event: 35.030 GC heap before
{Heap before GC invocations=51 (full 0):
 garbage-first heap   total 311296K, used 277414K [0x0000000080000000, 0x0000000100000000)
  region size 1024K, 94 young (96256K), 6 survivors (6144K)
 Metaspace       used 166692K, committed 168832K, reserved 1245184K
  class space    used 21605K, committed 22656K, reserved 1048576K
}
Event: 35.041 GC heap after
{Heap after GC invocations=52 (full 0):
 garbage-first heap   total 311296K, used 170616K [0x0000000080000000, 0x0000000100000000)
  region size 1024K, 8 young (8192K), 8 survivors (8192K)
 Metaspace       used 166692K, committed 168832K, reserved 1245184K
  class space    used 21605K, committed 22656K, reserved 1048576K
}

